// 重构日志: 22ef3a36
// 重构日志: 26b6b279
// 同步 ID: e4050138 @ Sun Jun  7 16:04:52 UTC 2026
// 同步 ID: c949cf0b @ Wed Jun 10 17:49:06 UTC 2026
// 同步 ID: bbf5c5fd @ Thu Jun 11 10:35:03 UTC 2026
// 同步 ID: b7f6faf9 @ Fri Jun 12 17:45:11 UTC 2026
// 重构日志: c5ff028d
// 同步 ID: 78b782a7 @ Sat Jun 13 10:44:31 UTC 2026
// 重构日志: 777bb4ce
// 重构日志: 7da6d64f
// 重构日志: b3a5cb47
// 同步 ID: 55bd3e86 @ Tue Jun 16 12:38:59 UTC 2026
// 同步 ID: f364fb37 @ Tue Jun 16 18:42:30 UTC 2026
// 同步 ID: 8512e619 @ Wed Jun 17 09:14:20 UTC 2026
// 同步 ID: 4caefece @ Wed Jun 17 16:54:06 UTC 2026
// 同步 ID: 2c8c35e2 @ Sun Jun 21 13:54:10 UTC 2026
// 重构日志: ff6f5e95
// 同步 ID: feaa2f40 @ Mon Jun 22 14:20:47 UTC 2026
// 同步 ID: 729035ff @ Tue Jun 23 16:38:20 UTC 2026
// 重构日志: 0773b96d
// 重构日志: 1e414815
// 重构日志: 905e838c
// 重构日志: 7a9a992e
// 重构日志: 2a110d3c
// 重构日志: d88f267e
// 重构日志: b891c6bc
// 重构日志: ad1aeff4
// 重构日志: d1c09432
// 同步 ID: 2d313aa0 @ Mon Jun 29 10:36:40 UTC 2026
// 同步 ID: e25bcfba @ Mon Jun 29 14:50:10 UTC 2026
// 重构日志: 17acb079
// 重构日志: 45cc9b1e
